
  Linking design 'dividerblock'
  Using the following designs and libraries:
  --------------------------------------------------------------------------
  GF22FDX_SC8T_104CPP_BASE_CSC20L_SSG_0P72V_0P00V_0P00V_0P00V_M40C (library)
                              /KSRC_lab_share/GF22NMFDSOI/dbs/20lvt/GF22FDX_SC8T_104CPP_BASE_CSC20L_SSG_0P72V_0P00V_0P00V_0P00V_M40C_ccs.db
  GF22FDX_SC8T_104CPP_BASE_CSC20SL_SSG_0P72V_0P00V_0P00V_0P00V_M40C (library)
                              /KSRC_lab_share/GF22NMFDSOI/dbs/20slvt/GF22FDX_SC8T_104CPP_BASE_CSC20SL_SSG_0P72V_0P00V_0P00V_0P00V_M40C_ccs.db
  GF22FDX_SC8T_104CPP_BASE_CSC24L_SSG_0P72V_0P00V_0P00V_0P00V_M40C (library)
                              /KSRC_lab_share/GF22NMFDSOI/dbs/24lvt/GF22FDX_SC8T_104CPP_BASE_CSC24L_SSG_0P72V_0P00V_0P00V_0P00V_M40C_ccs.db
  GF22FDX_SC8T_104CPP_BASE_CSC24SL_SSG_0P72V_0P00V_0P00V_0P00V_M40C (library)
                              /KSRC_lab_share/GF22NMFDSOI/dbs/24slvt/GF22FDX_SC8T_104CPP_BASE_CSC24SL_SSG_0P72V_0P00V_0P00V_0P00V_M40C_ccs.db
  GF22FDX_SC8T_104CPP_BASE_CSC28L_SSG_0P72V_0P00V_0P00V_0P00V_M40C (library)
                              /KSRC_lab_share/GF22NMFDSOI/dbs/28lvt/GF22FDX_SC8T_104CPP_BASE_CSC28L_SSG_0P72V_0P00V_0P00V_0P00V_M40C_ccs.db
  GF22FDX_SC8T_104CPP_BASE_CSC28SL_SSG_0P72V_0P00V_0P00V_0P00V_M40C (library)
                              /KSRC_lab_share/GF22NMFDSOI/dbs/28slvt/GF22FDX_SC8T_104CPP_BASE_CSC28SL_SSG_0P72V_0P00V_0P00V_0P00V_M40C_ccs.db
  IN22FDX_R1PH_NFHN_W00256B046M02C256_104cpp_SSG_0P720V_0P000V_0P000V_M40C (library)
                              /KSRC_lab_share/GF22NMFDSOI/dbs/IN22FDX_R1PH_NFHN_W00256B046M02C256_dbs/IN22FDX_R1PH_NFHN_W00256B046M02C256_104cpp_SSG_0P720V_0P000V_0P000V_M40C.db
  IN22FDX_R1PH_NFHN_W00256B128M02C256_104cpp_SSG_0P720V_0P000V_0P000V_M40C (library)
                              /KSRC_lab_share/GF22NMFDSOI/dbs/IN22FDX_R1PH_NFHN_W00256B128M02C256_dbs/IN22FDX_R1PH_NFHN_W00256B128M02C256_104cpp_SSG_0P720V_0P000V_0P000V_M40C.db
  IN22FDX_S1D_NFRG_W04096B032M04C128_104cpp_SSG_0P720V_0P720V_0P000V_0P000V_M40C (library)
                              /KSRC_lab_share/GF22NMFDSOI/dbs/IN22FDX_S1D_NFRG_W04096B032M04C128_dbs/IN22FDX_S1D_NFRG_W04096B032M04C128_104cpp_SSG_0P720V_0P720V_0P000V_0P000V_M40C.db
  IN22FDX_GPIO18_10M19S20PS_SSG_0P72_1P08_M40 (library)
                              /KSRC_lab_share/GF22NMFDSOI/dbs/io_stag/IN22FDX_GPIO18_10M19S20PS_SSG_0P72_1P08_M40.db

1
