 
****************************************
Report : resources
Design : dividerblock
Version: S-2021.06-SP5-5
Date   : Mon Nov 20 17:56:39 2023
****************************************


No resource sharing information to report.

No implementations to report

No resource sharing information to report.
 
****************************************
Design : CLKDivider_Div80alt_1
****************************************

No implementations to report

No resource sharing information to report.
 
****************************************
Design : CLKDivider_Div12_1
****************************************

No implementations to report

No resource sharing information to report.
 
****************************************
Design : CLKDivider_Div9alt_1
****************************************

No implementations to report
1
